GROUP,PACKAGE,CLASS,INSTRUCTION_MISSED,INSTRUCTION_COVERED,BRANCH_MISSED,BRANCH_COVERED,LINE_MISSED,LINE_COVERED,COMPLEXITY_MISSED,COMPLEXITY_COVERED,METHOD_MISSED,METHOD_COVERED
joblisting,com.telusko.joblisting,JoblistingApplication,29,3,0,0,10,1,3,1,3,1
joblisting,com.telusko.joblisting,mongoDbConnection,17,0,0,0,7,0,2,0,2,0
joblisting,com.telusko.joblisting.controller,PostController,19,3,0,0,5,1,4,1,4,1
joblisting,com.telusko.joblisting.repository,SearchRepositoryImpl,94,0,0,0,11,0,3,0,3,0
joblisting,com.telusko.joblisting.model,Post,42,0,0,0,16,0,10,0,10,0
